Added Pin To Net: NetName=SH_A Pin=Q1-2
Added Pin To Net: NetName=SH_A Pin=Q1-3
Added Pin To Net: NetName=SH_A Pin=Q1-4
Added Pin To Net: NetName=SH_B Pin=Q2-2
Added Pin To Net: NetName=SH_B Pin=Q2-3
Added Pin To Net: NetName=SH_B Pin=Q2-4
Added Pin To Net: NetName=SH_C Pin=Q3-2
Added Pin To Net: NetName=SH_C Pin=Q3-3
Added Pin To Net: NetName=SH_C Pin=Q3-4
Added Pin To Net: NetName=SL_A Pin=Q4-2
Added Pin To Net: NetName=SL_A Pin=Q4-3
Added Pin To Net: NetName=SL_A Pin=Q4-4
Added Pin To Net: NetName=SL_B Pin=Q5-2
Added Pin To Net: NetName=SL_B Pin=Q5-3
Added Pin To Net: NetName=SL_B Pin=Q5-4
Added Pin To Net: NetName=PGND Pin=Q6-2
Added Pin To Net: NetName=PGND Pin=Q6-3
Added Pin To Net: NetName=PGND Pin=Q6-4
Added Pin To Net: NetName=NetIC4_8 Pin=Q7-5
Added Pin To Net: NetName=NetIC4_8 Pin=Q7-6
Added Pin To Net: NetName=NetIC4_8 Pin=Q7-7
Added Pin To Net: NetName=NetIC4_8 Pin=Q7-8
Added Pin To Net: NetName=NetIC4_8 Pin=Q8-5
Added Pin To Net: NetName=NetIC4_8 Pin=Q8-6
Added Pin To Net: NetName=NetIC4_8 Pin=Q8-7
Added Pin To Net: NetName=NetIC4_8 Pin=Q8-8
