Removed Pin From Net: NetName=GND Pin=C23-1
Removed Pin From Net: NetName=GND Pin=C24-1
Removed Pin From Net: NetName=GND Pin=C30-1
Removed Pin From Net: NetName=GND Pin=C31-2
Removed Pin From Net: NetName=GND Pin=IC3-28
Removed Pin From Net: NetName=POWER_IN Pin=J3-1
Removed Pin From Net: NetName=GND Pin=J4-1
Removed Pin From Net: NetName=CAN_P Pin=JP1-1
Removed Pin From Net: NetName=CAN_N Pin=JP1-2
Removed Pin From Net: NetName=GND Pin=JP1-3
Removed Pin From Net: NetName=SH_A Pin=MOTOR U-1
Removed Pin From Net: NetName=SH_B Pin=MOTOR V-1
Removed Pin From Net: NetName=SH_C Pin=MOTOR W-1
Removed Pin From Net: NetName=GND Pin=Q9-2
Removed Pin From Net: NetName=GND Pin=U1-12
Removed Member From Class: ClassName=ESC Member=JP1
Added Component: Designator=CN1(HDR-TH_4P-HX-PH254-01-04-Z-L11.5)
Added Pin To Net: NetName=VDD_SPI Pin=CN1-1
Added Pin To Net: NetName=JTMS/SWDIO Pin=CN1-2
Added Pin To Net: NetName=JTCK/SWCLK Pin=CN1-3
Added Pin To Net: NetName=GND Pin=CN1-4
Add Pin To Net: Unknown Pin: Pin J3-1
Add Pin To Net: Unknown Pin: Pin J4-1
Add Pin To Net: Unknown Pin: Pin J5-1
Added Pin To Net: NetName=AGND Pin=C23-1
Added Pin To Net: NetName=AGND Pin=C24-1
Added Pin To Net: NetName=AGND Pin=C30-1
Added Pin To Net: NetName=AGND Pin=C31-2
Added Pin To Net: NetName=AGND Pin=IC3-28
Added Pin To Net: NetName=AGND Pin=Q9-2
Added Pin To Net: NetName=AGND Pin=U1-12
Added Net: Name=AGND
Added Member To Class: ClassName=ESC Member=Component CN1 4PIN
Add Class Member: Failed to add class member : Component J3 PAD
Add Class Member: Failed to add class member : Component J4 PAD
Add Class Member: Failed to add class member : Component J5 PAD
Added Rule: Name=Schematic Supply Nets
