Added Component: Designator=C22(C1206)
Added Component: Designator=C23(C0603)
Added Component: Designator=C24(C0603)
Added Component: Designator=C25(C0603)
Added Component: Designator=C26(C0603)
Added Component: Designator=C27(C0603)
Added Component: Designator=IC2(SOT-23-5_L2.9-W1.6-P0.95-LS2.8-BR)
Added Component: Designator=L3(C0805)
Added Component: Designator=R19(R0603)
Added Pin To Net: NetName=DGND Pin=C22-1
Added Pin To Net: NetName=V_5V Pin=C22-2
Added Pin To Net: NetName=AGND Pin=C23-1
Added Pin To Net: NetName=A3V3 Pin=C23-2
Added Pin To Net: NetName=AGND Pin=C24-1
Added Pin To Net: NetName=A3V3 Pin=C24-2
Added Pin To Net: NetName=DGND Pin=C25-1
Added Pin To Net: NetName=VDD_SPI Pin=C25-2
Added Pin To Net: NetName=DGND Pin=C26-1
Added Pin To Net: NetName=VDD_SPI Pin=C26-2
Added Pin To Net: NetName=DGND Pin=C27-1
Added Pin To Net: NetName=VDD_SPI Pin=C27-2
Added Pin To Net: NetName=V_5V Pin=IC2-1
Added Pin To Net: NetName=DGND Pin=IC2-2
Added Pin To Net: NetName=NetIC2_3 Pin=IC2-3
Added Pin To Net: NetName=A3V3 Pin=IC2-5
Added Pin To Net: NetName=A3V3 Pin=L3-1
Added Pin To Net: NetName=VDD_SPI Pin=L3-2
Added Pin To Net: NetName=NetIC2_3 Pin=R19-1
Added Pin To Net: NetName=V_5V Pin=R19-2
Added Member To Class: ClassName=ESC Member=Component C22 10uF
Added Member To Class: ClassName=ESC Member=Component C23 10uF
Added Member To Class: ClassName=ESC Member=Component C24 100nF
Added Member To Class: ClassName=ESC Member=Component C25 10uF
Added Member To Class: ClassName=ESC Member=Component C26 1uF
Added Member To Class: ClassName=ESC Member=Component C27 100nF
Added Member To Class: ClassName=ESC Member=Component IC2 500mA Low-Noise LDo Voltage Regulator
Added Member To Class: ClassName=ESC Member=Component L3 220O
Added Member To Class: ClassName=ESC Member=Component R19 10kO
