Removed Pin From Net: NetName=PGND Pin=J3-1
Removed Pin From Net: NetName=POWER_IN Pin=J4-1
Removed Pin From Net: NetName=SH_A Pin=MOTOR U-1
Removed Pin From Net: NetName=SH_B Pin=MOTOR V-1
Removed Pin From Net: NetName=SH_C Pin=MOTOR W-1
Removed Member From Class: ClassName=ESC Member=MOTOR U
Removed Member From Class: ClassName=ESC Member=MOTOR W
Change Component Designator: OldDesignator=+ NewDesignator=J1
Change Component Designator: OldDesignator=- NewDesignator=J2
Change Component Designator: OldDesignator=MOTOR U NewDesignator=MOTOR_U1
Change Component Designator: OldDesignator=MOTOR V NewDesignator=MOTOR_V1
Change Component Designator: OldDesignator=MOTOR W NewDesignator=MOTOR_W1
Added Component: Designator=Q1(TOLL-8_L10.4-W9.9-P1.20-LS11.7-BL_2)
Added Component: Designator=Q2(TOLL-8_L10.4-W9.9-P1.20-LS11.7-BL_2)
Added Component: Designator=Q3(TOLL-8_L10.4-W9.9-P1.20-LS11.7-BL_2)
Added Component: Designator=Q4(TOLL-8_L10.4-W9.9-P1.20-LS11.7-BL_2)
Added Component: Designator=Q5(TOLL-8_L10.4-W9.9-P1.20-LS11.7-BL_2)
Added Component: Designator=Q6(TOLL-8_L10.4-W9.9-P1.20-LS11.7-BL_2)
Added Component: Designator=Q7(TOLL-8_L10.4-W9.9-P1.20-LS11.7-BL_2)
Added Component: Designator=Q8(TOLL-8_L10.4-W9.9-P1.20-LS11.7-BL_2)
Added Pin To Net: NetName=NetQ1_1 Pin=Q1-1
Added Pin To Net: NetName=SH_A Pin=Q1-2
Added Pin To Net: NetName=SH_A Pin=Q1-3
Added Pin To Net: NetName=SH_A Pin=Q1-4
Added Pin To Net: NetName=SH_A Pin=Q1-5
Added Pin To Net: NetName=SH_A Pin=Q1-6
Added Pin To Net: NetName=SH_A Pin=Q1-7
Added Pin To Net: NetName=SH_A Pin=Q1-8
Added Pin To Net: NetName=POWER_LOAD Pin=Q1-9
Added Pin To Net: NetName=NetQ2_1 Pin=Q2-1
Added Pin To Net: NetName=SH_B Pin=Q2-2
Added Pin To Net: NetName=SH_B Pin=Q2-3
Added Pin To Net: NetName=SH_B Pin=Q2-4
Added Pin To Net: NetName=SH_B Pin=Q2-5
Added Pin To Net: NetName=SH_B Pin=Q2-6
Added Pin To Net: NetName=SH_B Pin=Q2-7
Added Pin To Net: NetName=SH_B Pin=Q2-8
Added Pin To Net: NetName=POWER_LOAD Pin=Q2-9
Added Pin To Net: NetName=NetQ3_1 Pin=Q3-1
Added Pin To Net: NetName=SH_C Pin=Q3-2
Added Pin To Net: NetName=SH_C Pin=Q3-3
Added Pin To Net: NetName=SH_C Pin=Q3-4
Added Pin To Net: NetName=SH_C Pin=Q3-5
Added Pin To Net: NetName=SH_C Pin=Q3-6
Added Pin To Net: NetName=SH_C Pin=Q3-7
Added Pin To Net: NetName=SH_C Pin=Q3-8
Added Pin To Net: NetName=POWER_LOAD Pin=Q3-9
Added Pin To Net: NetName=NetQ4_1 Pin=Q4-1
Added Pin To Net: NetName=SL_A Pin=Q4-2
Added Pin To Net: NetName=SL_A Pin=Q4-3
Added Pin To Net: NetName=SL_A Pin=Q4-4
Added Pin To Net: NetName=SL_A Pin=Q4-5
Added Pin To Net: NetName=SL_A Pin=Q4-6
Added Pin To Net: NetName=SL_A Pin=Q4-7
Added Pin To Net: NetName=SL_A Pin=Q4-8
Added Pin To Net: NetName=SH_A Pin=Q4-9
Added Pin To Net: NetName=NetQ5_1 Pin=Q5-1
Added Pin To Net: NetName=SL_B Pin=Q5-2
Added Pin To Net: NetName=SL_B Pin=Q5-3
Added Pin To Net: NetName=SL_B Pin=Q5-4
Added Pin To Net: NetName=SL_B Pin=Q5-5
Added Pin To Net: NetName=SL_B Pin=Q5-6
Added Pin To Net: NetName=SL_B Pin=Q5-7
Added Pin To Net: NetName=SL_B Pin=Q5-8
Added Pin To Net: NetName=SH_B Pin=Q5-9
Added Pin To Net: NetName=NetQ6_1 Pin=Q6-1
Added Pin To Net: NetName=PGND Pin=Q6-2
Added Pin To Net: NetName=PGND Pin=Q6-3
Added Pin To Net: NetName=PGND Pin=Q6-4
Added Pin To Net: NetName=PGND Pin=Q6-5
Added Pin To Net: NetName=PGND Pin=Q6-6
Added Pin To Net: NetName=PGND Pin=Q6-7
Added Pin To Net: NetName=PGND Pin=Q6-8
Added Pin To Net: NetName=SH_C Pin=Q6-9
Added Pin To Net: NetName=NetIC4_6 Pin=Q7-1
Added Pin To Net: NetName=NetIC4_8 Pin=Q7-2
Added Pin To Net: NetName=NetIC4_8 Pin=Q7-3
Added Pin To Net: NetName=NetIC4_8 Pin=Q7-4
Added Pin To Net: NetName=NetIC4_8 Pin=Q7-5
Added Pin To Net: NetName=NetIC4_8 Pin=Q7-6
Added Pin To Net: NetName=NetIC4_8 Pin=Q7-7
Added Pin To Net: NetName=NetIC4_8 Pin=Q7-8
Added Pin To Net: NetName=POWER_IN Pin=Q7-9
Added Pin To Net: NetName=NetIC4_6 Pin=Q8-1
Added Pin To Net: NetName=NetIC4_8 Pin=Q8-2
Added Pin To Net: NetName=NetIC4_8 Pin=Q8-3
Added Pin To Net: NetName=NetIC4_8 Pin=Q8-4
Added Pin To Net: NetName=NetIC4_8 Pin=Q8-5
Added Pin To Net: NetName=NetIC4_8 Pin=Q8-6
Added Pin To Net: NetName=NetIC4_8 Pin=Q8-7
Added Pin To Net: NetName=NetIC4_8 Pin=Q8-8
Added Pin To Net: NetName=POWER_LOAD Pin=Q8-9
Added Member To Class: ClassName=ESC Member=Component MOTOR_U1 PAD
Added Member To Class: ClassName=ESC Member=Component MOTOR_W1 PAD
Added Member To Class: ClassName=ESC Member=Component Q1 MOSFET N-CH 80V HSOF-8
Added Member To Class: ClassName=ESC Member=Component Q2 MOSFET N-CH 80V HSOF-8
Added Member To Class: ClassName=ESC Member=Component Q3 MOSFET N-CH 80V HSOF-8
Added Member To Class: ClassName=ESC Member=Component Q4 MOSFET N-CH 80V HSOF-8
Added Member To Class: ClassName=ESC Member=Component Q5 MOSFET N-CH 80V HSOF-8
Added Member To Class: ClassName=ESC Member=Component Q6 MOSFET N-CH 80V HSOF-8
Added Member To Class: ClassName=ESC Member=Component Q7 MOSFET N-CH 80V HSOF-8
Added Member To Class: ClassName=ESC Member=Component Q8 MOSFET N-CH 80V HSOF-8
